This file contains any messages produced by compilers while
running configure, to aid debugging if configure makes a mistake.

It was created by tunnelit configure 0.0.1.1514, which was
generated by GNU Autoconf 2.61.  Invocation command line was

  $ ./configure 

## --------- ##
## Platform. ##
## --------- ##

hostname = KingsLanding
uname -m = x86_64
uname -r = 3.13.0-37-generic
uname -s = Linux
uname -v = #64-Ubuntu SMP Mon Sep 22 21:28:38 UTC 2014

/usr/bin/uname -p = unknown
/bin/uname -X     = unknown

/bin/arch              = unknown
/usr/bin/arch -k       = unknown
/usr/convex/getsysinfo = unknown
/usr/bin/hostinfo      = unknown
/bin/machine           = unknown
/usr/bin/oslevel       = unknown
/bin/universe          = unknown

PATH: /usr/local/sbin
PATH: /usr/local/bin
PATH: /usr/sbin
PATH: /usr/bin
PATH: /sbin
PATH: /bin
PATH: /usr/games
PATH: /usr/local/games


## ----------- ##
## Core tests. ##
## ----------- ##

configure:1743: checking for gcc
configure:1759: found /usr/bin/gcc
configure:1770: result: gcc
configure:2008: checking for C compiler version
configure:2015: gcc --version >&5
gcc (Ubuntu 4.8.2-19ubuntu1) 4.8.2
Copyright (C) 2013 Free Software Foundation, Inc.
This is free software; see the source for copying conditions.  There is NO
warranty; not even for MERCHANTABILITY or FITNESS FOR A PARTICULAR PURPOSE.

configure:2018: $? = 0
configure:2025: gcc -v >&5
Using built-in specs.
COLLECT_GCC=gcc
COLLECT_LTO_WRAPPER=/usr/lib/gcc/x86_64-linux-gnu/4.8/lto-wrapper
Target: x86_64-linux-gnu
Configured with: ../src/configure -v --with-pkgversion='Ubuntu 4.8.2-19ubuntu1' --with-bugurl=file:///usr/share/doc/gcc-4.8/README.Bugs --enable-languages=c,c++,java,go,d,fortran,objc,obj-c++ --prefix=/usr --program-suffix=-4.8 --enable-shared --enable-linker-build-id --libexecdir=/usr/lib --without-included-gettext --enable-threads=posix --with-gxx-include-dir=/usr/include/c++/4.8 --libdir=/usr/lib --enable-nls --with-sysroot=/ --enable-clocale=gnu --enable-libstdcxx-debug --enable-libstdcxx-time=yes --enable-gnu-unique-object --disable-libmudflap --enable-plugin --with-system-zlib --disable-browser-plugin --enable-java-awt=gtk --enable-gtk-cairo --with-java-home=/usr/lib/jvm/java-1.5.0-gcj-4.8-amd64/jre --enable-java-home --with-jvm-root-dir=/usr/lib/jvm/java-1.5.0-gcj-4.8-amd64 --with-jvm-jar-dir=/usr/lib/jvm-exports/java-1.5.0-gcj-4.8-amd64 --with-arch-directory=amd64 --with-ecj-jar=/usr/share/java/eclipse-ecj.jar --enable-objc-gc --enable-multiarch --disable-werror --with-arch-32=i686 --with-abi=m64 --with-multilib-list=m32,m64,mx32 --with-tune=generic --enable-checking=release --build=x86_64-linux-gnu --host=x86_64-linux-gnu --target=x86_64-linux-gnu
Thread model: posix
gcc version 4.8.2 (Ubuntu 4.8.2-19ubuntu1) 
configure:2028: $? = 0
configure:2035: gcc -V >&5
gcc: error: unrecognized command line option '-V'
gcc: fatal error: no input files
compilation terminated.
configure:2038: $? = 4
configure:2061: checking for C compiler default output file name
configure:2088: gcc    conftest.c  >&5
configure:2091: $? = 0
configure:2129: result: a.out
configure:2146: checking whether the C compiler works
configure:2156: ./a.out
configure:2159: $? = 0
configure:2176: result: yes
configure:2183: checking whether we are cross compiling
configure:2185: result: no
configure:2188: checking for suffix of executables
configure:2195: gcc -o conftest    conftest.c  >&5
configure:2198: $? = 0
configure:2222: result: 
configure:2228: checking for suffix of object files
configure:2254: gcc -c   conftest.c >&5
configure:2257: $? = 0
configure:2280: result: o
configure:2284: checking whether we are using the GNU C compiler
configure:2313: gcc -c   conftest.c >&5
configure:2319: $? = 0
configure:2336: result: yes
configure:2341: checking whether gcc accepts -g
configure:2371: gcc -c -g  conftest.c >&5
configure:2377: $? = 0
configure:2476: result: yes
configure:2493: checking for gcc option to accept ISO C89
configure:2567: gcc  -c -g -O2  conftest.c >&5
configure:2573: $? = 0
configure:2596: result: none needed
configure:2614: checking whether make sets $(MAKE)
configure:2635: result: yes
configure:2688: checking for a BSD-compatible install
configure:2744: result: /usr/bin/install -c
configure:2798: checking for ranlib
configure:2814: found /usr/bin/ranlib
configure:2825: result: ranlib
configure:2857: checking how to run the C preprocessor
configure:2897: gcc -E  conftest.c
configure:2903: $? = 0
configure:2934: gcc -E  conftest.c
conftest.c:8:28: fatal error: ac_nonexistent.h: No such file or directory
 #include <ac_nonexistent.h>
                            ^
compilation terminated.
configure:2940: $? = 1
configure: failed program was:
| /* confdefs.h.  */
| #define PACKAGE_NAME "tunnelit"
| #define PACKAGE_TARNAME "tunnelit"
| #define PACKAGE_VERSION "0.0.1.1514"
| #define PACKAGE_STRING "tunnelit 0.0.1.1514"
| #define PACKAGE_BUGREPORT ""
| /* end confdefs.h.  */
| #include <ac_nonexistent.h>
configure:2973: result: gcc -E
configure:3002: gcc -E  conftest.c
configure:3008: $? = 0
configure:3039: gcc -E  conftest.c
conftest.c:8:28: fatal error: ac_nonexistent.h: No such file or directory
 #include <ac_nonexistent.h>
                            ^
compilation terminated.
configure:3045: $? = 1
configure: failed program was:
| /* confdefs.h.  */
| #define PACKAGE_NAME "tunnelit"
| #define PACKAGE_TARNAME "tunnelit"
| #define PACKAGE_VERSION "0.0.1.1514"
| #define PACKAGE_STRING "tunnelit 0.0.1.1514"
| #define PACKAGE_BUGREPORT ""
| /* end confdefs.h.  */
| #include <ac_nonexistent.h>
configure:3083: checking for grep that handles long lines and -e
configure:3157: result: /bin/grep
configure:3162: checking for egrep
configure:3240: result: /bin/grep -E
configure:3246: checking for AIX
configure:3268: result: no
configure:3281: checking for ANSI C header files
configure:3311: gcc -c -g -O2  conftest.c >&5
configure:3317: $? = 0
configure:3416: gcc -o conftest -g -O2   conftest.c  >&5
configure:3419: $? = 0
configure:3425: ./conftest
configure:3428: $? = 0
configure:3445: result: yes
configure:3469: checking for sys/types.h
configure:3490: gcc -c -g -O2  conftest.c >&5
configure:3496: $? = 0
configure:3512: result: yes
configure:3469: checking for sys/stat.h
configure:3490: gcc -c -g -O2  conftest.c >&5
configure:3496: $? = 0
configure:3512: result: yes
configure:3469: checking for stdlib.h
configure:3490: gcc -c -g -O2  conftest.c >&5
configure:3496: $? = 0
configure:3512: result: yes
configure:3469: checking for string.h
configure:3490: gcc -c -g -O2  conftest.c >&5
configure:3496: $? = 0
configure:3512: result: yes
configure:3469: checking for memory.h
configure:3490: gcc -c -g -O2  conftest.c >&5
configure:3496: $? = 0
configure:3512: result: yes
configure:3469: checking for strings.h
configure:3490: gcc -c -g -O2  conftest.c >&5
configure:3496: $? = 0
configure:3512: result: yes
configure:3469: checking for inttypes.h
configure:3490: gcc -c -g -O2  conftest.c >&5
configure:3496: $? = 0
configure:3512: result: yes
configure:3469: checking for stdint.h
configure:3490: gcc -c -g -O2  conftest.c >&5
configure:3496: $? = 0
configure:3512: result: yes
configure:3469: checking for unistd.h
configure:3490: gcc -c -g -O2  conftest.c >&5
configure:3496: $? = 0
configure:3512: result: yes
configure:3554: checking arpa/inet.h usability
configure:3571: gcc -c -g -O2  conftest.c >&5
configure:3577: $? = 0
configure:3591: result: yes
configure:3595: checking arpa/inet.h presence
configure:3610: gcc -E  conftest.c
configure:3616: $? = 0
configure:3630: result: yes
configure:3658: checking for arpa/inet.h
configure:3666: result: yes
configure:3554: checking errno.h usability
configure:3571: gcc -c -g -O2  conftest.c >&5
configure:3577: $? = 0
configure:3591: result: yes
configure:3595: checking errno.h presence
configure:3610: gcc -E  conftest.c
configure:3616: $? = 0
configure:3630: result: yes
configure:3658: checking for errno.h
configure:3666: result: yes
configure:3554: checking fcntl.h usability
configure:3571: gcc -c -g -O2  conftest.c >&5
configure:3577: $? = 0
configure:3591: result: yes
configure:3595: checking fcntl.h presence
configure:3610: gcc -E  conftest.c
configure:3616: $? = 0
configure:3630: result: yes
configure:3658: checking for fcntl.h
configure:3666: result: yes
configure:3554: checking netdb.h usability
configure:3571: gcc -c -g -O2  conftest.c >&5
configure:3577: $? = 0
configure:3591: result: yes
configure:3595: checking netdb.h presence
configure:3610: gcc -E  conftest.c
configure:3616: $? = 0
configure:3630: result: yes
configure:3658: checking for netdb.h
configure:3666: result: yes
configure:3554: checking netinet/in.h usability
configure:3571: gcc -c -g -O2  conftest.c >&5
configure:3577: $? = 0
configure:3591: result: yes
configure:3595: checking netinet/in.h presence
configure:3610: gcc -E  conftest.c
configure:3616: $? = 0
configure:3630: result: yes
configure:3658: checking for netinet/in.h
configure:3666: result: yes
configure:3554: checking stdarg.h usability
configure:3571: gcc -c -g -O2  conftest.c >&5
configure:3577: $? = 0
configure:3591: result: yes
configure:3595: checking stdarg.h presence
configure:3610: gcc -E  conftest.c
configure:3616: $? = 0
configure:3630: result: yes
configure:3658: checking for stdarg.h
configure:3666: result: yes
configure:3554: checking stdio.h usability
configure:3571: gcc -c -g -O2  conftest.c >&5
configure:3577: $? = 0
configure:3591: result: yes
configure:3595: checking stdio.h presence
configure:3610: gcc -E  conftest.c
configure:3616: $? = 0
configure:3630: result: yes
configure:3658: checking for stdio.h
configure:3666: result: yes
configure:3544: checking for stdlib.h
configure:3550: result: yes
configure:3544: checking for string.h
configure:3550: result: yes
configure:3554: checking sys/ioctl.h usability
configure:3571: gcc -c -g -O2  conftest.c >&5
configure:3577: $? = 0
configure:3591: result: yes
configure:3595: checking sys/ioctl.h presence
configure:3610: gcc -E  conftest.c
configure:3616: $? = 0
configure:3630: result: yes
configure:3658: checking for sys/ioctl.h
configure:3666: result: yes
configure:3554: checking sys/select.h usability
configure:3571: gcc -c -g -O2  conftest.c >&5
configure:3577: $? = 0
configure:3591: result: yes
configure:3595: checking sys/select.h presence
configure:3610: gcc -E  conftest.c
configure:3616: $? = 0
configure:3630: result: yes
configure:3658: checking for sys/select.h
configure:3666: result: yes
configure:3554: checking sys/socket.h usability
configure:3571: gcc -c -g -O2  conftest.c >&5
configure:3577: $? = 0
configure:3591: result: yes
configure:3595: checking sys/socket.h presence
configure:3610: gcc -E  conftest.c
configure:3616: $? = 0
configure:3630: result: yes
configure:3658: checking for sys/socket.h
configure:3666: result: yes
configure:3544: checking for sys/stat.h
configure:3550: result: yes
configure:3544: checking for sys/types.h
configure:3550: result: yes
configure:3554: checking sys/wait.h usability
configure:3571: gcc -c -g -O2  conftest.c >&5
configure:3577: $? = 0
configure:3591: result: yes
configure:3595: checking sys/wait.h presence
configure:3610: gcc -E  conftest.c
configure:3616: $? = 0
configure:3630: result: yes
configure:3658: checking for sys/wait.h
configure:3666: result: yes
configure:3544: checking for unistd.h
configure:3550: result: yes
configure:3684: checking for linux/if.h
configure:3725: gcc -c -g -O2  conftest.c >&5
configure:3731: $? = 0
configure:3747: result: yes
configure:3684: checking for linux/if_tun.h
configure:3725: gcc -c -g -O2  conftest.c >&5
configure:3731: $? = 0
configure:3747: result: yes
configure:3758: checking whether time.h and sys/time.h may both be included
configure:3788: gcc -c -g -O2  conftest.c >&5
configure:3794: $? = 0
configure:3809: result: yes
configure:3937: creating ./config.status

## ---------------------- ##
## Running config.status. ##
## ---------------------- ##

This file was extended by tunnelit config.status 0.0.1.1514, which was
generated by GNU Autoconf 2.61.  Invocation command line was

  CONFIG_FILES    = 
  CONFIG_HEADERS  = 
  CONFIG_LINKS    = 
  CONFIG_COMMANDS = 
  $ ./config.status 

on KingsLanding

config.status:597: creating Makefile
config.status:597: creating config.h
configure:5040: creating ./config.status

## ---------------------- ##
## Running config.status. ##
## ---------------------- ##

This file was extended by tunnelit config.status 0.0.1.1514, which was
generated by GNU Autoconf 2.61.  Invocation command line was

  CONFIG_FILES    = 
  CONFIG_HEADERS  = 
  CONFIG_LINKS    = 
  CONFIG_COMMANDS = 
  $ ./config.status 

on KingsLanding

config.status:598: creating Makefile
config.status:598: creating tunnelit-p2p.8
config.status:598: creating config.h
config.status:836: config.h is unchanged

## ---------------- ##
## Cache variables. ##
## ---------------- ##

ac_cv_c_compiler_gnu=yes
ac_cv_env_CC_set=
ac_cv_env_CC_value=
ac_cv_env_CFLAGS_set=
ac_cv_env_CFLAGS_value=
ac_cv_env_CPPFLAGS_set=
ac_cv_env_CPPFLAGS_value=
ac_cv_env_CPP_set=
ac_cv_env_CPP_value=
ac_cv_env_LDFLAGS_set=
ac_cv_env_LDFLAGS_value=
ac_cv_env_LIBS_set=
ac_cv_env_LIBS_value=
ac_cv_env_build_alias_set=
ac_cv_env_build_alias_value=
ac_cv_env_host_alias_set=
ac_cv_env_host_alias_value=
ac_cv_env_target_alias_set=
ac_cv_env_target_alias_value=
ac_cv_header_arpa_inet_h=yes
ac_cv_header_errno_h=yes
ac_cv_header_fcntl_h=yes
ac_cv_header_inttypes_h=yes
ac_cv_header_linux_if_h=yes
ac_cv_header_linux_if_tun_h=yes
ac_cv_header_memory_h=yes
ac_cv_header_netdb_h=yes
ac_cv_header_netinet_in_h=yes
ac_cv_header_stdarg_h=yes
ac_cv_header_stdc=yes
ac_cv_header_stdint_h=yes
ac_cv_header_stdio_h=yes
ac_cv_header_stdlib_h=yes
ac_cv_header_string_h=yes
ac_cv_header_strings_h=yes
ac_cv_header_sys_ioctl_h=yes
ac_cv_header_sys_select_h=yes
ac_cv_header_sys_socket_h=yes
ac_cv_header_sys_stat_h=yes
ac_cv_header_sys_types_h=yes
ac_cv_header_sys_wait_h=yes
ac_cv_header_time=yes
ac_cv_header_unistd_h=yes
ac_cv_objext=o
ac_cv_path_EGREP='/bin/grep -E'
ac_cv_path_GREP=/bin/grep
ac_cv_path_install='/usr/bin/install -c'
ac_cv_prog_CPP='gcc -E'
ac_cv_prog_ac_ct_CC=gcc
ac_cv_prog_ac_ct_RANLIB=ranlib
ac_cv_prog_cc_c89=
ac_cv_prog_cc_g=yes
ac_cv_prog_make_make_set=yes

## ----------------- ##
## Output variables. ##
## ----------------- ##

CC='gcc'
CFLAGS='-Wall -DNDEBUG=1 -UDEBUG -g -O2'
CPP='gcc -E'
CPPFLAGS=''
DEFS='-DHAVE_CONFIG_H'
ECHO_C=''
ECHO_N='-n'
ECHO_T=''
EGREP='/bin/grep -E'
EXEEXT=''
GREP='/bin/grep'
INSTALL_DATA='${INSTALL} -m 644'
INSTALL_PROGRAM='${INSTALL}'
INSTALL_SCRIPT='${INSTALL}'
LDFLAGS=''
LIBOBJS=''
LIBS=''
LTLIBOBJS=''
OBJEXT='o'
PACKAGE_BUGREPORT=''
PACKAGE_NAME='tunnelit'
PACKAGE_STRING='tunnelit 0.0.1.1514'
PACKAGE_TARNAME='tunnelit'
PACKAGE_VERSION='0.0.1.1514'
PATH_SEPARATOR=':'
RANLIB='ranlib'
SET_MAKE=''
SHELL='/bin/bash'
ac_ct_CC='gcc'
bindir='${exec_prefix}/bin'
build_alias=''
datadir='${datarootdir}'
datarootdir='${prefix}/share'
docdir='${datarootdir}/doc/${PACKAGE_TARNAME}'
dvidir='${docdir}'
exec_prefix='${prefix}'
host_alias=''
htmldir='${docdir}'
includedir='${prefix}/include'
infodir='${datarootdir}/info'
libdir='${exec_prefix}/lib'
libexecdir='${exec_prefix}/libexec'
localedir='${datarootdir}/locale'
localstatedir='${prefix}/var'
mandir='${datarootdir}/man'
oldincludedir='/usr/include'
pdfdir='${docdir}'
prefix='/usr/local'
program_transform_name='s,x,x,'
psdir='${docdir}'
sbindir='${exec_prefix}/sbin'
sharedstatedir='${prefix}/com'
sysconfdir='${prefix}/etc'
target_alias=''

## ----------- ##
## confdefs.h. ##
## ----------- ##

#define PACKAGE_NAME "tunnelit"
#define PACKAGE_TARNAME "tunnelit"
#define PACKAGE_VERSION "0.0.1.1514"
#define PACKAGE_STRING "tunnelit 0.0.1.1514"
#define PACKAGE_BUGREPORT ""
#define _GNU_SOURCE 1
#define STDC_HEADERS 1
#define HAVE_SYS_TYPES_H 1
#define HAVE_SYS_STAT_H 1
#define HAVE_STDLIB_H 1
#define HAVE_STRING_H 1
#define HAVE_MEMORY_H 1
#define HAVE_STRINGS_H 1
#define HAVE_INTTYPES_H 1
#define HAVE_STDINT_H 1
#define HAVE_UNISTD_H 1
#define HAVE_ARPA_INET_H 1
#define HAVE_ERRNO_H 1
#define HAVE_FCNTL_H 1
#define HAVE_NETDB_H 1
#define HAVE_NETINET_IN_H 1
#define HAVE_STDARG_H 1
#define HAVE_STDIO_H 1
#define HAVE_STDLIB_H 1
#define HAVE_STRING_H 1
#define HAVE_SYS_IOCTL_H 1
#define HAVE_SYS_SELECT_H 1
#define HAVE_SYS_SOCKET_H 1
#define HAVE_SYS_STAT_H 1
#define HAVE_SYS_TYPES_H 1
#define HAVE_SYS_WAIT_H 1
#define HAVE_UNISTD_H 1
#define HAVE_LINUX_IF_H 1
#define HAVE_LINUX_IF_TUN_H 1
#define TIME_WITH_SYS_TIME 1

configure: exit 0
